[debug] [2022-11-22T23:37:25.163Z] ----------------------------------------------------------------------
[debug] [2022-11-22T23:37:25.165Z] Command:       C:\Program Files\nodejs\node.exe C:\Program Files\nodejs\node_modules\firebase-tools\lib\bin\firebase.js init
[debug] [2022-11-22T23:37:25.165Z] CLI Version:   11.16.1
[debug] [2022-11-22T23:37:25.166Z] Platform:      win32
[debug] [2022-11-22T23:37:25.166Z] Node Version:  v18.1.0
[debug] [2022-11-22T23:37:25.166Z] Time:          Tue Nov 22 2022 18:37:25 GMT-0500 (Eastern Standard Time)
[debug] [2022-11-22T23:37:25.166Z] ----------------------------------------------------------------------
[debug] 
[debug] [2022-11-22T23:37:25.172Z] > command requires scopes: ["email","openid","https://www.googleapis.com/auth/cloudplatformprojects.readonly","https://www.googleapis.com/auth/firebase","https://www.googleapis.com/auth/cloud-platform"]
[debug] [2022-11-22T23:37:25.172Z] > authorizing via signed-in user (zekraken00@gmail.com)
[info] 
     ######## #### ########  ######## ########     ###     ######  ########
     ##        ##  ##     ## ##       ##     ##  ##   ##  ##       ##
     ######    ##  ########  ######   ########  #########  ######  ######
     ##        ##  ##    ##  ##       ##     ## ##     ##       ## ##
     ##       #### ##     ## ######## ########  ##     ##  ######  ########

You're about to initialize a Firebase project in this directory:

  C:\Git\gaugeVoter\veBAL_Multi_Voter

Before we get started, keep in mind:

  * You are currently outside your home directory

[info] 
=== Project Setup
[info] 
[info] First, let's associate this project directory with a Firebase project.
[info] You can create multiple project aliases by running firebase use --add, 
[info] but for now we'll just set up a default project.
[info] 
[debug] [2022-11-22T23:37:43.201Z] > refreshing access token with scopes: []
[debug] [2022-11-22T23:37:43.203Z] >>> [apiv2][query] POST https://www.googleapis.com/oauth2/v3/token [none]
[debug] [2022-11-22T23:37:43.203Z] >>> [apiv2][body] POST https://www.googleapis.com/oauth2/v3/token [omitted]
[debug] [2022-11-22T23:37:43.398Z] <<< [apiv2][status] POST https://www.googleapis.com/oauth2/v3/token 400
[debug] [2022-11-22T23:37:43.399Z] <<< [apiv2][body] POST https://www.googleapis.com/oauth2/v3/token [omitted]
[debug] [2022-11-22T23:37:43.399Z] >>> [apiv2][query] GET https://firebase.googleapis.com/v1beta1/projects pageSize=100
[debug] [2022-11-22T23:37:44.838Z] <<< [apiv2][status] GET https://firebase.googleapis.com/v1beta1/projects 401
[debug] [2022-11-22T23:37:44.838Z] <<< [apiv2][body] GET https://firebase.googleapis.com/v1beta1/projects [omitted]
[debug] [2022-11-22T23:37:44.838Z] HTTP Error: 401, Request had invalid authentication credentials. Expected OAuth 2 access token, login cookie or other valid authentication credential. See https://developers.google.com/identity/sign-in/web/devconsole-project.
[debug] [2022-11-22T23:37:44.923Z] FirebaseError: HTTP Error: 401, Request had invalid authentication credentials. Expected OAuth 2 access token, login cookie or other valid authentication credential. See https://developers.google.com/identity/sign-in/web/devconsole-project.
    at responseToError (C:\Users\lawso\AppData\Roaming\nvm\v18.1.0\node_modules\firebase-tools\lib\responseToError.js:49:12)
    at RetryOperation._fn (C:\Users\lawso\AppData\Roaming\nvm\v18.1.0\node_modules\firebase-tools\lib\apiv2.js:288:77)
    at process.processTicksAndRejections (node:internal/process/task_queues:95:5)
[error] 
[error] Error: Failed to list Firebase projects. See firebase-debug.log for more info.
[debug] [2022-11-22T23:37:51.717Z] ----------------------------------------------------------------------
[debug] [2022-11-22T23:37:51.719Z] Command:       C:\Program Files\nodejs\node.exe C:\Program Files\nodejs\node_modules\firebase-tools\lib\bin\firebase.js init
[debug] [2022-11-22T23:37:51.719Z] CLI Version:   11.16.1
[debug] [2022-11-22T23:37:51.719Z] Platform:      win32
[debug] [2022-11-22T23:37:51.719Z] Node Version:  v18.1.0
[debug] [2022-11-22T23:37:51.720Z] Time:          Tue Nov 22 2022 18:37:51 GMT-0500 (Eastern Standard Time)
[debug] [2022-11-22T23:37:51.720Z] ----------------------------------------------------------------------
[debug] 
[debug] [2022-11-22T23:37:51.726Z] > command requires scopes: ["email","openid","https://www.googleapis.com/auth/cloudplatformprojects.readonly","https://www.googleapis.com/auth/firebase","https://www.googleapis.com/auth/cloud-platform"]
[debug] [2022-11-22T23:37:51.726Z] > authorizing via signed-in user (zekraken00@gmail.com)
[info] 
     ######## #### ########  ######## ########     ###     ######  ########
     ##        ##  ##     ## ##       ##     ##  ##   ##  ##       ##
     ######    ##  ########  ######   ########  #########  ######  ######
     ##        ##  ##    ##  ##       ##     ## ##     ##       ## ##
     ##       #### ##     ## ######## ########  ##     ##  ######  ########

You're about to initialize a Firebase project in this directory:

  C:\Git\gaugeVoter\veBAL_Multi_Voter

Before we get started, keep in mind:

  * You are currently outside your home directory

[info] 
=== Project Setup
[info] 
[info] First, let's associate this project directory with a Firebase project.
[info] You can create multiple project aliases by running firebase use --add, 
[info] but for now we'll just set up a default project.
[info] 
[info] i  If you want to create a project in a Google Cloud organization or folder, please use "firebase projects:create" instead, and return to this command when you've created the project. 
